[debug] [2022-05-10T16:25:34.711Z] ----------------------------------------------------------------------
[debug] [2022-05-10T16:25:34.714Z] Command:       C:\Program Files\nodejs\node.exe C:\Users\SHERIFF\AppData\Roaming\npm\node_modules\firebase-tools\lib\bin\firebase.js deploy
[debug] [2022-05-10T16:25:34.714Z] CLI Version:   10.8.0
[debug] [2022-05-10T16:25:34.714Z] Platform:      win32
[debug] [2022-05-10T16:25:34.714Z] Node Version:  v14.17.5
[debug] [2022-05-10T16:25:34.716Z] Time:          Wed May 11 2022 00:25:34 GMT+0800 (China Standard Time)
[debug] [2022-05-10T16:25:34.716Z] ----------------------------------------------------------------------
[debug] 
[debug] [2022-05-10T16:25:34.811Z] > command requires scopes: ["email","openid","https://www.googleapis.com/auth/cloudplatformprojects.readonly","https://www.googleapis.com/auth/firebase","https://www.googleapis.com/auth/cloud-platform"]
[debug] [2022-05-10T16:25:34.812Z] > authorizing via signed-in user (sheriff0613@gmail.com)
[debug] [2022-05-10T16:25:34.812Z] [iam] checking project nft-marketplace-on-juno-chain for permissions ["firebase.projects.get","firebasehosting.sites.update"]
[debug] [2022-05-10T16:25:34.815Z] >>> [apiv2][query] POST https://cloudresourcemanager.googleapis.com/v1/projects/nft-marketplace-on-juno-chain:testIamPermissions [none]
[debug] [2022-05-10T16:25:34.815Z] >>> [apiv2][body] POST https://cloudresourcemanager.googleapis.com/v1/projects/nft-marketplace-on-juno-chain:testIamPermissions {"permissions":["firebase.projects.get","firebasehosting.sites.update"]}
[debug] [2022-05-10T16:25:47.176Z] [iam] error while checking permissions, command may fail: FirebaseError: Failed to make request to https://cloudresourcemanager.googleapis.com/v1/projects/nft-marketplace-on-juno-chain:testIamPermissions
[debug] [2022-05-10T16:25:47.178Z] >>> [apiv2][query] GET https://firebase.googleapis.com/v1beta1/projects/nft-marketplace-on-juno-chain [none]
[debug] [2022-05-10T16:26:05.468Z] Failed to make request to https://firebase.googleapis.com/v1beta1/projects/nft-marketplace-on-juno-chain
[debug] [2022-05-10T16:26:26.530Z] FirebaseError: Failed to make request to https://firebase.googleapis.com/v1beta1/projects/nft-marketplace-on-juno-chain
    at RetryOperation._fn (C:\Users\SHERIFF\AppData\Roaming\npm\node_modules\firebase-tools\lib\apiv2.js:240:31)
    at processTicksAndRejections (internal/process/task_queues.js:95:5)
[error] 
[error] Error: Failed to get Firebase project nft-marketplace-on-juno-chain. Please make sure the project exists and your account has permission to access it.
[debug] [2022-05-10T16:26:37.289Z] ----------------------------------------------------------------------
[debug] [2022-05-10T16:26:37.292Z] Command:       C:\Program Files\nodejs\node.exe C:\Users\SHERIFF\AppData\Roaming\npm\node_modules\firebase-tools\lib\bin\firebase.js deploy
[debug] [2022-05-10T16:26:37.293Z] CLI Version:   10.8.0
[debug] [2022-05-10T16:26:37.293Z] Platform:      win32
[debug] [2022-05-10T16:26:37.293Z] Node Version:  v14.17.5
[debug] [2022-05-10T16:26:37.294Z] Time:          Wed May 11 2022 00:26:37 GMT+0800 (China Standard Time)
[debug] [2022-05-10T16:26:37.295Z] ----------------------------------------------------------------------
[debug] 
[debug] [2022-05-10T16:26:37.400Z] > command requires scopes: ["email","openid","https://www.googleapis.com/auth/cloudplatformprojects.readonly","https://www.googleapis.com/auth/firebase","https://www.googleapis.com/auth/cloud-platform"]
[debug] [2022-05-10T16:26:37.400Z] > authorizing via signed-in user (sheriff0613@gmail.com)
[debug] [2022-05-10T16:26:37.400Z] [iam] checking project nft-marketplace-on-juno-chain for permissions ["firebase.projects.get","firebasehosting.sites.update"]
[debug] [2022-05-10T16:26:37.403Z] >>> [apiv2][query] POST https://cloudresourcemanager.googleapis.com/v1/projects/nft-marketplace-on-juno-chain:testIamPermissions [none]
[debug] [2022-05-10T16:26:37.403Z] >>> [apiv2][body] POST https://cloudresourcemanager.googleapis.com/v1/projects/nft-marketplace-on-juno-chain:testIamPermissions {"permissions":["firebase.projects.get","firebasehosting.sites.update"]}
[debug] [2022-05-10T16:26:40.926Z] <<< [apiv2][status] POST https://cloudresourcemanager.googleapis.com/v1/projects/nft-marketplace-on-juno-chain:testIamPermissions 200
[debug] [2022-05-10T16:26:40.926Z] <<< [apiv2][body] POST https://cloudresourcemanager.googleapis.com/v1/projects/nft-marketplace-on-juno-chain:testIamPermissions {"permissions":["firebase.projects.get","firebasehosting.sites.update"]}
[debug] [2022-05-10T16:26:40.928Z] >>> [apiv2][query] GET https://firebase.googleapis.com/v1beta1/projects/nft-marketplace-on-juno-chain [none]
[debug] [2022-05-10T16:26:44.140Z] <<< [apiv2][status] GET https://firebase.googleapis.com/v1beta1/projects/nft-marketplace-on-juno-chain 200
[debug] [2022-05-10T16:26:44.141Z] <<< [apiv2][body] GET https://firebase.googleapis.com/v1beta1/projects/nft-marketplace-on-juno-chain {"projectId":"nft-marketplace-on-juno-chain","projectNumber":"1023331270107","displayName":"NFT Marketplace on Juno Chain","name":"projects/nft-marketplace-on-juno-chain","resources":{"hostingSite":"nft-marketplace-on-juno-chain"},"state":"ACTIVE"}
[info] 
[info] === Deploying to 'nft-marketplace-on-juno-chain'...
[info] 
[info] i  deploying hosting 
[debug] [2022-05-10T16:26:44.151Z] >>> [apiv2][query] GET https://firebase.googleapis.com/v1beta1/projects/nft-marketplace-on-juno-chain [none]
[debug] [2022-05-10T16:27:05.183Z] Failed to make request to https://firebase.googleapis.com/v1beta1/projects/nft-marketplace-on-juno-chain
[debug] [2022-05-10T16:27:13.061Z] FirebaseError: Failed to make request to https://firebase.googleapis.com/v1beta1/projects/nft-marketplace-on-juno-chain
    at RetryOperation._fn (C:\Users\SHERIFF\AppData\Roaming\npm\node_modules\firebase-tools\lib\apiv2.js:240:31)
    at processTicksAndRejections (internal/process/task_queues.js:95:5)
[error] 
[error] Error: Failed to get Firebase project nft-marketplace-on-juno-chain. Please make sure the project exists and your account has permission to access it.
